<?xml version="1.0" encoding="UTF-8"?>
<!-- Generated by org.testng.reporters.JUnitXMLReporter -->
<testsuite ignored="0" hostname="mirkobujagic" failures="2" tests="8" name="Surefire test" time="0.042" errors="0" timestamp="2023-09-22T14:30:58 CEST">
  <testcase classname="pagesTests.LandingPageTest" name="@BeforeClass launchApplication" time="-1.695385858019E9">
    <failure type="org.testng.TestNGException" message="
Parameter &amp;apos;landingUrl&amp;apos; is required by BeforeClass on method launchApplication but has not been marked @Optional or defined
">
      <![CDATA[org.testng.TestNGException: 
Parameter 'landingUrl' is required by BeforeClass on method launchApplication but has not been marked @Optional or defined

at java.base/java.util.ArrayList.forEach(ArrayList.java:1511)
... Removed 27 stack frames]]>
    </failure>
  </testcase> <!-- @BeforeClass launchApplication -->
  <testcase classname="pagesTests.LandingPageTest" name="verifyUserLogin" time="0.0">
    <failure type="org.testng.TestNGException" message="
Parameter &amp;apos;userName&amp;apos; is required by @Test on method verifyUserLogin but has not been marked @Optional or defined
">
      <![CDATA[org.testng.TestNGException: 
Parameter 'userName' is required by @Test on method verifyUserLogin but has not been marked @Optional or defined

at java.base/java.util.ArrayList.forEach(ArrayList.java:1511)
... Removed 31 stack frames]]>
    </failure>
  </testcase> <!-- verifyUserLogin -->
  <testcase classname="pagesTests.LandingPageTest" name="verifySortingItemsDropdown" time="0.0">
    <skipped/>
  </testcase> <!-- verifySortingItemsDropdown -->
  <testcase classname="pagesTests.LandingPageTest" name="verifySorting" time="0.0">
    <skipped/>
  </testcase> <!-- verifySorting -->
  <testcase classname="pagesTests.LandingPageTest" name="verifyAddingItemToCart" time="0.0">
    <skipped/>
  </testcase> <!-- verifyAddingItemToCart -->
  <testcase classname="pagesTests.LandingPageTest" name="verifyItemDetails" time="0.0">
    <skipped/>
  </testcase> <!-- verifyItemDetails -->
  <testcase classname="pagesTests.LandingPageTest" name="verifyRemoveItem" time="0.0">
    <skipped/>
  </testcase> <!-- verifyRemoveItem -->
  <testcase classname="pagesTests.LandingPageTest" name="countItems" time="0.0">
    <skipped/>
  </testcase> <!-- countItems -->
  <testcase classname="pagesTests.LoginPageTest" name="verifyUserLogin" time="0.0">
    <failure type="org.testng.TestNGException" message="
Parameter &amp;apos;userName&amp;apos; is required by @Test on method verifyUserLogin but has not been marked @Optional or defined
">
      <![CDATA[org.testng.TestNGException: 
Parameter 'userName' is required by @Test on method verifyUserLogin but has not been marked @Optional or defined

at java.base/java.util.ArrayList.forEach(ArrayList.java:1511)
... Removed 31 stack frames]]>
    </failure>
  </testcase> <!-- verifyUserLogin -->
</testsuite> <!-- Surefire test -->
