<!DOCTYPE html PUBLIC "-//W3C//DTD XHTML 1.1//EN" "http://www.w3.org/TR/xhtml11/DTD/xhtml11.dtd">
<html xmlns="http://www.w3.org/1999/xhtml">
<head>
<meta http-equiv="content-type" content="text/html; charset=UTF-8"/>
<title>TestNG Report</title>
<style type="text/css">table {margin-bottom:10px;border-collapse:collapse;empty-cells:show}th,td {border:1px solid #009;padding:.25em .5em}th {vertical-align:bottom}td {vertical-align:top}table a {font-weight:bold}.stripe td {background-color: #E6EBF9}.num {text-align:right}.passedodd td {background-color: #3F3}.passedeven td {background-color: #0A0}.skippedodd td {background-color: #DDD}.skippedeven td {background-color: #CCC}.failedodd td,.attn {background-color: #F33}.failedeven td,.stripe .attn {background-color: #D00}.stacktrace {white-space:pre;font-family:monospace}.totop {font-size:85%;text-align:center;border-bottom:2px solid #000}.invisible {display:none}</style>
</head>
<body>
<table>
<tr><th>Test</th><th># Passed</th><th># Skipped</th><th># Retried</th><th># Failed</th><th>Time (ms)</th><th>Included Groups</th><th>Excluded Groups</th></tr>
<tr><th colspan="7">Surefire suite</th></tr>
<tr><td><a href="#t0">Surefire test</a></td><td class="num">0</td><td class="num attn">6</td><td class="num">0</td><td class="num attn">2</td><td class="num">42</td><td></td><td></td></tr>
</table>
<table id='summary'><thead><tr><th>Class</th><th>Method</th><th>Start</th><th>Time (ms)</th></tr></thead><tbody><tr><th colspan="4">Surefire suite</th></tr></tbody><tbody id="t0"><tr><th colspan="4">Surefire test &#8212; failed (configuration methods)</th></tr><tr class="failedeven"><td rowspan="1">pagesTests.LandingPageTest</td><td><a href="#m0">launchApplication</a></td><td rowspan="1">1695385858019</td><td rowspan="1">-1695385858019</td></tr><tr><th colspan="4">Surefire test &#8212; failed</th></tr><tr class="failedeven"><td rowspan="1">pagesTests.LandingPageTest</td><td><a href="#m1">verifyUserLogin</a></td><td rowspan="1">1695385858031</td><td rowspan="1">0</td></tr><tr class="failedodd"><td rowspan="1">pagesTests.LoginPageTest</td><td><a href="#m2">verifyUserLogin</a></td><td rowspan="1">1695385858049</td><td rowspan="1">0</td></tr><tr><th colspan="4">Surefire test &#8212; skipped</th></tr><tr class="skippedeven"><td rowspan="6">pagesTests.LandingPageTest</td><td><a href="#m3">countItems</a></td><td rowspan="1">1695385858042</td><td rowspan="1">0</td></tr><tr class="skippedeven"><td><a href="#m4">verifyAddingItemToCart</a></td><td rowspan="1">1695385858040</td><td rowspan="1">0</td></tr><tr class="skippedeven"><td><a href="#m5">verifyItemDetails</a></td><td rowspan="1">1695385858041</td><td rowspan="1">0</td></tr><tr class="skippedeven"><td><a href="#m6">verifyRemoveItem</a></td><td rowspan="1">1695385858041</td><td rowspan="1">0</td></tr><tr class="skippedeven"><td><a href="#m7">verifySorting</a></td><td rowspan="1">1695385858040</td><td rowspan="1">0</td></tr><tr class="skippedeven"><td><a href="#m8">verifySortingItemsDropdown</a></td><td rowspan="1">1695385858035</td><td rowspan="1">0</td></tr></tbody>
</table>
<h2>Surefire test</h2><h3 id="m0">pagesTests.LandingPageTest#launchApplication</h3><table class="result"><tr><th>Exception</th></tr><tr><td><div class="stacktrace">org.testng.TestNGException: 
Parameter &apos;landingUrl&apos; is required by BeforeClass on method launchApplication but has not been marked @Optional or defined

	at java.base/java.util.ArrayList.forEach(ArrayList.java:1511)
... Removed 27 stack frames</div></td></tr></table><p class="totop"><a href="#summary">back to summary</a></p>
<h3 id="m1">pagesTests.LandingPageTest#verifyUserLogin</h3><table class="result"><tr><th>Exception</th></tr><tr><td><div class="stacktrace">org.testng.TestNGException: 
Parameter &apos;userName&apos; is required by @Test on method verifyUserLogin but has not been marked @Optional or defined

	at java.base/java.util.ArrayList.forEach(ArrayList.java:1511)
... Removed 31 stack frames</div></td></tr></table><p class="totop"><a href="#summary">back to summary</a></p>
<h3 id="m2">pagesTests.LoginPageTest#verifyUserLogin</h3><table class="result"><tr><th>Exception</th></tr><tr><td><div class="stacktrace">org.testng.TestNGException: 
Parameter &apos;userName&apos; is required by @Test on method verifyUserLogin but has not been marked @Optional or defined

	at java.base/java.util.ArrayList.forEach(ArrayList.java:1511)
... Removed 31 stack frames</div></td></tr></table><p class="totop"><a href="#summary">back to summary</a></p>
<h3 id="m3">pagesTests.LandingPageTest#countItems</h3><table class="result"><tr><th>Exception</th></tr><tr><td><div class="stacktrace">java.lang.Throwable: Method LandingPageTest.countItems()[pri:0, instance:pagesTests.LandingPageTest@48524010] depends on not successfully finished methods
	at java.base/java.util.ArrayList.forEach(ArrayList.java:1511)
... Removed 23 stack frames</div></td></tr></table><p class="totop"><a href="#summary">back to summary</a></p>
<h3 id="m4">pagesTests.LandingPageTest#verifyAddingItemToCart</h3><table class="result"><tr><th>Exception</th></tr><tr><td><div class="stacktrace">java.lang.Throwable: Method LandingPageTest.verifyAddingItemToCart()[pri:0, instance:pagesTests.LandingPageTest@48524010] depends on not successfully finished methods
	at java.base/java.util.ArrayList.forEach(ArrayList.java:1511)
... Removed 23 stack frames</div></td></tr></table><p class="totop"><a href="#summary">back to summary</a></p>
<h3 id="m5">pagesTests.LandingPageTest#verifyItemDetails</h3><table class="result"><tr><th>Exception</th></tr><tr><td><div class="stacktrace">java.lang.Throwable: Method LandingPageTest.verifyItemDetails()[pri:0, instance:pagesTests.LandingPageTest@48524010] depends on not successfully finished methods
	at java.base/java.util.ArrayList.forEach(ArrayList.java:1511)
... Removed 23 stack frames</div></td></tr></table><p class="totop"><a href="#summary">back to summary</a></p>
<h3 id="m6">pagesTests.LandingPageTest#verifyRemoveItem</h3><table class="result"><tr><th>Exception</th></tr><tr><td><div class="stacktrace">java.lang.Throwable: Method LandingPageTest.verifyRemoveItem()[pri:0, instance:pagesTests.LandingPageTest@48524010] depends on not successfully finished methods
	at java.base/java.util.ArrayList.forEach(ArrayList.java:1511)
... Removed 23 stack frames</div></td></tr></table><p class="totop"><a href="#summary">back to summary</a></p>
<h3 id="m7">pagesTests.LandingPageTest#verifySorting</h3><table class="result"><tr><th>Exception</th></tr><tr><td><div class="stacktrace">java.lang.Throwable: Method LandingPageTest.verifySorting()[pri:0, instance:pagesTests.LandingPageTest@48524010] depends on not successfully finished methods
	at java.base/java.util.ArrayList.forEach(ArrayList.java:1511)
... Removed 23 stack frames</div></td></tr></table><p class="totop"><a href="#summary">back to summary</a></p>
<h3 id="m8">pagesTests.LandingPageTest#verifySortingItemsDropdown</h3><table class="result"><tr><th>Exception</th></tr><tr><td><div class="stacktrace">java.lang.Throwable: Method LandingPageTest.verifySortingItemsDropdown()[pri:0, instance:pagesTests.LandingPageTest@48524010] depends on not successfully finished methods
	at java.base/java.util.ArrayList.forEach(ArrayList.java:1511)
... Removed 23 stack frames</div></td></tr></table><p class="totop"><a href="#summary">back to summary</a></p>
</body>
</html>
